<?xml version="1.0" encoding="UTF-8"?>
<!-- Generated by org.testng.reporters.JUnitReportReporter -->
<testsuite skipped="0" hostname="CDAC" name="TestPackages.OneWayFlightSearch" tests="1" failures="0" timestamp="2020-09-20T19:17:06 IST" time="204.985" errors="0">
  <testcase name="SearchForOneWayFlight" time="204.985" classname="TestPackages.OneWayFlightSearch"/>
  <system-out/>
</testsuite> <!-- TestPackages.OneWayFlightSearch -->
