<?xml version="1.0" encoding="UTF-8"?>
<!-- Generated by org.testng.reporters.JUnitReportReporter -->
<testsuite skipped="0" hostname="CDAC" name="TestPackages.SignupTest" tests="1" failures="0" timestamp="2020-09-06T19:10:31 IST" time="21.376" errors="0">
  <testcase name="VerifySignUP" time="21.376" classname="TestPackages.SignupTest"/>
  <system-out/>
</testsuite> <!-- TestPackages.SignupTest -->
